<?xml version="1.0" encoding="UTF-8"?>
<!-- Generated by org.testng.reporters.JUnitReportReporter -->
<testsuite hostname="DESKTOP-URPPT5A" name="Testn.BeforeAndAfterClass" tests="4" failures="0" timestamp="17 Jul 2018 12:49:51 GMT" time="0.027" errors="0">
  <testcase name="firstGroupMethodOne" time="0.011" classname="Testn.BeforeAndAfterClass"/>
  <testcase name="secondGroupMethodTwo" time="0.003" classname="Testn.BeforeAndAfterClass"/>
  <testcase name="secondGroupMethodOne" time="0.005" classname="Testn.BeforeAndAfterClass"/>
  <testcase name="firstGroupMethodTwo" time="0.008" classname="Testn.BeforeAndAfterClass"/>
</testsuite> <!-- Testn.BeforeAndAfterClass -->
