<?xml version="1.0" encoding="UTF-8"?>
<!-- Generated by org.testng.reporters.JUnitReportReporter -->
<testsuite hostname="DESKTOP-URPPT5A" name="Testn.Testclass" tests="1" failures="0" timestamp="16 Sep 2018 05:27:46 GMT" time="0.010" errors="0">
  <testcase name="Test1" time="0.010" classname="Testn.Testclass"/>
</testsuite> <!-- Testn.Testclass -->
