<?xml version="1.0" encoding="UTF-8"?>
<!-- Generated by org.testng.reporters.JUnitReportReporter -->
<testsuite hostname="DESKTOP-URPPT5A" name="Testn.ParameterizedTestng" tests="4" failures="0" timestamp="18 Jul 2018 09:48:42 GMT" time="0.020" errors="0">
  <testcase name="Test3" time="0.001" classname="Testn.ParameterizedTestng"/>
  <testcase name="Test3" time="0.002" classname="Testn.ParameterizedTestng"/>
  <testcase name="Test2" time="0.002" classname="Testn.ParameterizedTestng"/>
  <testcase name="Test1" time="0.015" classname="Testn.ParameterizedTestng"/>
</testsuite> <!-- Testn.ParameterizedTestng -->
