<?xml version="1.0" encoding="UTF-8"?>
<!-- Generated by org.testng.reporters.JUnitReportReporter -->
<testsuite hostname="DESKTOP-URPPT5A" name="Testn.BeforeAndAfterClass" tests="1" failures="0" timestamp="16 Sep 2018 05:27:38 GMT" time="0.025" errors="0">
  <testcase name="firstGroupMethodOne" time="0.025" classname="Testn.BeforeAndAfterClass"/>
</testsuite> <!-- Testn.BeforeAndAfterClass -->
