<?xml version="1.0" encoding="UTF-8"?>
<!-- Generated by org.testng.reporters.JUnitReportReporter -->
<testsuite hostname="DESKTOP-URPPT5A" name="Testngtutorial.Testngg.BeforeAndAfterClass" tests="4" failures="0" timestamp="14 Jun 2018 12:42:24 GMT" time="0.064" errors="0">
  <testcase name="firstGroupMethodOne" time="0.020" classname="Testngtutorial.Testngg.BeforeAndAfterClass"/>
  <testcase name="secondGroupMethodTwo" time="0.034" classname="Testngtutorial.Testngg.BeforeAndAfterClass"/>
  <testcase name="secondGroupMethodOne" time="0.003" classname="Testngtutorial.Testngg.BeforeAndAfterClass"/>
  <testcase name="firstGroupMethodTwo" time="0.007" classname="Testngtutorial.Testngg.BeforeAndAfterClass"/>
</testsuite> <!-- Testngtutorial.Testngg.BeforeAndAfterClass -->
